[INFO  uvicorn.error server:84 - serve() - 28.03.2022 03:39:29 AM]
	 Started server process [49594] 

[INFO  uvicorn.error on:45 - startup() - 28.03.2022 03:39:29 AM]
	 Waiting for application startup. 

[INFO  databases core:90 - connect() - 28.03.2022 03:39:29 AM]
	 Connected to database sqlite:///./flows.db 

[INFO  main main:31 - startup() - 28.03.2022 03:39:29 AM]
	 Succesfully connected to database on startup 

[INFO  uvicorn.error on:59 - startup() - 28.03.2022 03:39:29 AM]
	 Application startup complete. 

[INFO  uvicorn.error server:263 - shutdown() - 28.03.2022 03:39:57 AM]
	 Shutting down 

[INFO  uvicorn.error on:64 - shutdown() - 28.03.2022 03:39:57 AM]
	 Waiting for application shutdown. 

[INFO  databases core:126 - disconnect() - 28.03.2022 03:39:57 AM]
	 Disconnected from database sqlite:///./flows.db 

[INFO  main main:37 - shutdown() - 28.03.2022 03:39:57 AM]
	 Succesfully disconnected from database on startup 

[INFO  uvicorn.error on:75 - shutdown() - 28.03.2022 03:39:57 AM]
	 Application shutdown complete. 

[INFO  uvicorn.error server:94 - serve() - 28.03.2022 03:39:57 AM]
	 Finished server process [49594] 

[INFO  uvicorn.error server:84 - serve() - 28.03.2022 03:39:58 AM]
	 Started server process [49618] 

[INFO  uvicorn.error on:45 - startup() - 28.03.2022 03:39:58 AM]
	 Waiting for application startup. 

[INFO  databases core:90 - connect() - 28.03.2022 03:39:58 AM]
	 Connected to database sqlite:///./flows.db 

[INFO  main main:31 - startup() - 28.03.2022 03:39:58 AM]
	 Succesfully connected to database on startup 

[INFO  uvicorn.error on:59 - startup() - 28.03.2022 03:39:58 AM]
	 Application startup complete. 

[INFO  uvicorn.error server:263 - shutdown() - 28.03.2022 03:40:00 AM]
	 Shutting down 

[INFO  uvicorn.error on:64 - shutdown() - 28.03.2022 03:40:00 AM]
	 Waiting for application shutdown. 

[INFO  databases core:126 - disconnect() - 28.03.2022 03:40:00 AM]
	 Disconnected from database sqlite:///./flows.db 

[INFO  main main:37 - shutdown() - 28.03.2022 03:40:00 AM]
	 Succesfully disconnected from database on startup 

[INFO  uvicorn.error on:75 - shutdown() - 28.03.2022 03:40:00 AM]
	 Application shutdown complete. 

[INFO  uvicorn.error server:94 - serve() - 28.03.2022 03:40:00 AM]
	 Finished server process [49618] 

[INFO  uvicorn.error server:84 - serve() - 28.03.2022 03:40:01 AM]
	 Started server process [49639] 

[INFO  uvicorn.error on:45 - startup() - 28.03.2022 03:40:01 AM]
	 Waiting for application startup. 

[INFO  databases core:90 - connect() - 28.03.2022 03:40:01 AM]
	 Connected to database sqlite:///./flows.db 

[INFO  main main:31 - startup() - 28.03.2022 03:40:01 AM]
	 Succesfully connected to database on startup 

[INFO  uvicorn.error on:59 - startup() - 28.03.2022 03:40:01 AM]
	 Application startup complete. 

[INFO  uvicorn.error server:263 - shutdown() - 28.03.2022 03:44:10 AM]
	 Shutting down 

[INFO  uvicorn.error on:64 - shutdown() - 28.03.2022 03:44:10 AM]
	 Waiting for application shutdown. 

[INFO  databases core:126 - disconnect() - 28.03.2022 03:44:10 AM]
	 Disconnected from database sqlite:///./flows.db 

[INFO  main main:37 - shutdown() - 28.03.2022 03:44:10 AM]
	 Succesfully disconnected from database on startup 

[INFO  uvicorn.error on:75 - shutdown() - 28.03.2022 03:44:10 AM]
	 Application shutdown complete. 

[INFO  uvicorn.error server:94 - serve() - 28.03.2022 03:44:10 AM]
	 Finished server process [49639] 

[INFO  uvicorn.error server:84 - serve() - 28.03.2022 03:59:22 AM]
	 Started server process [50490] 

[INFO  uvicorn.error on:45 - startup() - 28.03.2022 03:59:22 AM]
	 Waiting for application startup. 

[INFO  databases core:90 - connect() - 28.03.2022 03:59:22 AM]
	 Connected to database sqlite:///./flows.db 

[INFO  main main:31 - startup() - 28.03.2022 03:59:22 AM]
	 Succesfully connected to database on startup 

[INFO  uvicorn.error on:59 - startup() - 28.03.2022 03:59:22 AM]
	 Application startup complete. 

[INFO  uvicorn.error server:263 - shutdown() - 28.03.2022 03:59:41 AM]
	 Shutting down 

[INFO  uvicorn.error on:64 - shutdown() - 28.03.2022 03:59:41 AM]
	 Waiting for application shutdown. 

[INFO  databases core:126 - disconnect() - 28.03.2022 03:59:41 AM]
	 Disconnected from database sqlite:///./flows.db 

[INFO  main main:37 - shutdown() - 28.03.2022 03:59:41 AM]
	 Succesfully disconnected from database on startup 

[INFO  uvicorn.error on:75 - shutdown() - 28.03.2022 03:59:41 AM]
	 Application shutdown complete. 

[INFO  uvicorn.error server:94 - serve() - 28.03.2022 03:59:41 AM]
	 Finished server process [50490] 

[INFO  uvicorn.error server:84 - serve() - 28.03.2022 03:59:42 AM]
	 Started server process [50500] 

[INFO  uvicorn.error on:45 - startup() - 28.03.2022 03:59:42 AM]
	 Waiting for application startup. 

[INFO  databases core:90 - connect() - 28.03.2022 03:59:42 AM]
	 Connected to database sqlite:///./flows.db 

[INFO  main main:31 - startup() - 28.03.2022 03:59:42 AM]
	 Succesfully connected to database on startup 

[INFO  uvicorn.error on:59 - startup() - 28.03.2022 03:59:42 AM]
	 Application startup complete. 

[INFO  uvicorn.error server:263 - shutdown() - 28.03.2022 04:02:26 AM]
	 Shutting down 

[INFO  uvicorn.error on:64 - shutdown() - 28.03.2022 04:02:26 AM]
	 Waiting for application shutdown. 

[INFO  databases core:126 - disconnect() - 28.03.2022 04:02:26 AM]
	 Disconnected from database sqlite:///./flows.db 

[INFO  main main:37 - shutdown() - 28.03.2022 04:02:26 AM]
	 Succesfully disconnected from database on startup 

[INFO  uvicorn.error on:75 - shutdown() - 28.03.2022 04:02:26 AM]
	 Application shutdown complete. 

[INFO  uvicorn.error server:94 - serve() - 28.03.2022 04:02:26 AM]
	 Finished server process [50500] 

2022-03-28 04:03:59,043 uvicorn.error server
2022-03-28 04:03:59,044 uvicorn.error on
2022-03-28 04:03:59,044 uvicorn.error on
2022-03-28 04:04:44,983 uvicorn.error server
2022-03-28 04:04:45,086 uvicorn.error on
2022-03-28 04:04:45,087 uvicorn.error on
2022-03-28 04:04:45,087 uvicorn.error server
[2022-03-28 04:05:52,153.153] INFO [4381721984] - Started server process [50789]
[2022-03-28 04:05:52,153.153] INFO [4381721984] - Waiting for application startup.
[2022-03-28 04:05:52,154.154] INFO [4381721984] - Connected to database sqlite:///./flows.db
[2022-03-28 04:05:52,154.154] INFO [4381721984] - Succesfully connected to database on startup
[2022-03-28 04:05:52,154.154] INFO [4381721984] - Application startup complete.
[2022-03-28 04:05:52,154.154] INFO [4381721984] - Uvicorn running on http://127.0.0.1:8080 (Press CTRL+C to quit)
[2022-03-28 04:05:56,508.508] INFO [4381721984] - Query generated: SELECT raw_flow_events.src_app AS src_app, raw_flow_events.dest_app AS dest_app, raw_flow_events.vpc_id AS vpc_id, raw_flow_events.hour AS hour, sum(raw_flow_events.bytes_tx) AS bytes_tx, sum(raw_flow_events.bytes_rx) AS bytes_rx 
FROM raw_flow_events 
WHERE raw_flow_events.hour = :hour_1 GROUP BY raw_flow_events.src_app, raw_flow_events.dest_app, raw_flow_events.vpc_id, raw_flow_events.hour
[2022-03-28 04:05:56,524.524] INFO [4381721984] - 127.0.0.1:55497 - "GET /flows?hour=1 HTTP/1.1" 200
[2022-03-28 04:06:00,180.180] INFO [4381721984] - Query generated: SELECT raw_flow_events.src_app AS src_app, raw_flow_events.dest_app AS dest_app, raw_flow_events.vpc_id AS vpc_id, raw_flow_events.hour AS hour, sum(raw_flow_events.bytes_tx) AS bytes_tx, sum(raw_flow_events.bytes_rx) AS bytes_rx 
FROM raw_flow_events 
WHERE raw_flow_events.hour = :hour_1 GROUP BY raw_flow_events.src_app, raw_flow_events.dest_app, raw_flow_events.vpc_id, raw_flow_events.hour
[2022-03-28 04:06:00,184.184] INFO [4381721984] - 127.0.0.1:55497 - "GET /flows?hour=2 HTTP/1.1" 200
[2022-03-28 04:06:03,240.240] INFO [4381721984] - Query generated: SELECT raw_flow_events.src_app AS src_app, raw_flow_events.dest_app AS dest_app, raw_flow_events.vpc_id AS vpc_id, raw_flow_events.hour AS hour, sum(raw_flow_events.bytes_tx) AS bytes_tx, sum(raw_flow_events.bytes_rx) AS bytes_rx 
FROM raw_flow_events 
WHERE raw_flow_events.hour = :hour_1 GROUP BY raw_flow_events.src_app, raw_flow_events.dest_app, raw_flow_events.vpc_id, raw_flow_events.hour
[2022-03-28 04:06:03,241.241] INFO [4381721984] - 127.0.0.1:55497 - "GET /flows?hour=3 HTTP/1.1" 200
[2022-03-28 04:09:57,072.072] INFO [4381721984] - Shutting down
[2022-03-28 04:09:57,179.179] INFO [4381721984] - Waiting for application shutdown.
[2022-03-28 04:09:57,183.183] INFO [4381721984] - Disconnected from database sqlite:///./flows.db
[2022-03-28 04:09:57,183.183] INFO [4381721984] - Succesfully disconnected from database on startup
[2022-03-28 04:09:57,184.184] INFO [4381721984] - Application shutdown complete.
[2022-03-28 04:09:57,185.185] INFO [4381721984] - Finished server process [50789]
[2022-03-28 04:10:07,520.520] INFO [4347348352] - Started server process [50957]
[2022-03-28 04:10:07,520.520] INFO [4347348352] - Waiting for application startup.
[2022-03-28 04:10:07,520.520] INFO [4347348352] - Connected to database sqlite:///./flows.db
[2022-03-28 04:10:07,520.520] INFO [4347348352] - Succesfully connected to database on startup
[2022-03-28 04:10:07,521.521] INFO [4347348352] - Application startup complete.
[2022-03-28 04:10:07,521.521] INFO [4347348352] - Uvicorn running on http://127.0.0.1:8080 (Press CTRL+C to quit)
[2022-03-28 04:10:13,489.489] INFO [4347348352] - Query generated: SELECT raw_flow_events.src_app AS src_app, raw_flow_events.dest_app AS dest_app, raw_flow_events.vpc_id AS vpc_id, raw_flow_events.hour AS hour, sum(raw_flow_events.bytes_tx) AS bytes_tx, sum(raw_flow_events.bytes_rx) AS bytes_rx 
FROM raw_flow_events 
WHERE raw_flow_events.hour = :hour_1 GROUP BY raw_flow_events.src_app, raw_flow_events.dest_app, raw_flow_events.vpc_id, raw_flow_events.hour
[2022-03-28 04:10:13,509.509] INFO [4347348352] - 127.0.0.1:55503 - "GET /flows?hour=3 HTTP/1.1" 200
[2022-03-28 04:10:15,831.831] INFO [4347348352] - Query generated: SELECT raw_flow_events.src_app AS src_app, raw_flow_events.dest_app AS dest_app, raw_flow_events.vpc_id AS vpc_id, raw_flow_events.hour AS hour, sum(raw_flow_events.bytes_tx) AS bytes_tx, sum(raw_flow_events.bytes_rx) AS bytes_rx 
FROM raw_flow_events 
WHERE raw_flow_events.hour = :hour_1 GROUP BY raw_flow_events.src_app, raw_flow_events.dest_app, raw_flow_events.vpc_id, raw_flow_events.hour
[2022-03-28 04:10:15,837.837] INFO [4347348352] - 127.0.0.1:55503 - "GET /flows?hour=2 HTTP/1.1" 200
[2022-03-28 04:10:24,346.346] INFO [4347348352] - Shutting down
[2022-03-28 04:10:24,448.448] INFO [4347348352] - Waiting for application shutdown.
[2022-03-28 04:10:24,448.448] INFO [4347348352] - Disconnected from database sqlite:///./flows.db
[2022-03-28 04:10:24,448.448] INFO [4347348352] - Succesfully disconnected from database on startup
[2022-03-28 04:10:24,448.448] INFO [4347348352] - Application shutdown complete.
[2022-03-28 04:10:24,448.448] INFO [4347348352] - Finished server process [50957]
